<?xml version="1.0" encoding="UTF-8"?>
<testsuite name="com.syoun.book.springboot.domain.posts.PostsRepositoryTest" tests="2" skipped="0" failures="0" errors="0" timestamp="2021-02-20T08:55:25" hostname="Suns-MacBook-Pro.local" time="0.039">
  <properties/>
  <testcase name="게시글저장_불러오기()" classname="com.syoun.book.springboot.domain.posts.PostsRepositoryTest" time="0.028"/>
  <testcase name="BaseTimeEntity_등록()" classname="com.syoun.book.springboot.domain.posts.PostsRepositoryTest" time="0.01"/>
  <system-out><![CDATA[2021-02-20 17:55:24.133  INFO 79968 --- [    Test worker] .b.t.c.SpringBootTestContextBootstrapper : Neither @ContextConfiguration nor @ContextHierarchy found for test class [com.syoun.book.springboot.domain.posts.PostsRepositoryTest], using SpringBootContextLoader
2021-02-20 17:55:24.135  INFO 79968 --- [    Test worker] o.s.t.c.support.AbstractContextLoader    : Could not detect default resource locations for test class [com.syoun.book.springboot.domain.posts.PostsRepositoryTest]: no resource found for suffixes {-context.xml, Context.groovy}.
2021-02-20 17:55:24.135  INFO 79968 --- [    Test worker] t.c.s.AnnotationConfigContextLoaderUtils : Could not detect default configuration classes for test class [com.syoun.book.springboot.domain.posts.PostsRepositoryTest]: PostsRepositoryTest does not declare any static, non-private, non-final, nested classes annotated with @Configuration.
2021-02-20 17:55:24.141  INFO 79968 --- [    Test worker] .b.t.c.SpringBootTestContextBootstrapper : Found @SpringBootConfiguration com.syoun.book.springboot.Application for test class com.syoun.book.springboot.domain.posts.PostsRepositoryTest
2021-02-20 17:55:24.142  INFO 79968 --- [    Test worker] .b.t.c.SpringBootTestContextBootstrapper : Loaded default TestExecutionListener class names from location [META-INF/spring.factories]: [org.springframework.security.test.context.support.WithSecurityContextTestExecutionListener, org.springframework.security.test.context.support.ReactorContextTestExecutionListener, org.springframework.boot.test.autoconfigure.restdocs.RestDocsTestExecutionListener, org.springframework.boot.test.autoconfigure.web.client.MockRestServiceServerResetTestExecutionListener, org.springframework.boot.test.autoconfigure.web.servlet.MockMvcPrintOnlyOnFailureTestExecutionListener, org.springframework.boot.test.autoconfigure.web.servlet.WebDriverTestExecutionListener, org.springframework.boot.test.autoconfigure.webservices.client.MockWebServiceServerTestExecutionListener, org.springframework.boot.test.mock.mockito.MockitoTestExecutionListener, org.springframework.boot.test.mock.mockito.ResetMocksTestExecutionListener, org.springframework.test.context.web.ServletTestExecutionListener, org.springframework.test.context.support.DirtiesContextBeforeModesTestExecutionListener, org.springframework.test.context.support.DependencyInjectionTestExecutionListener, org.springframework.test.context.support.DirtiesContextTestExecutionListener, org.springframework.test.context.transaction.TransactionalTestExecutionListener, org.springframework.test.context.jdbc.SqlScriptsTestExecutionListener, org.springframework.test.context.event.EventPublishingTestExecutionListener]
2021-02-20 17:55:24.143  INFO 79968 --- [    Test worker] .b.t.c.SpringBootTestContextBootstrapper : Using TestExecutionListeners: [org.springframework.test.context.web.ServletTestExecutionListener@759a437c, org.springframework.test.context.support.DirtiesContextBeforeModesTestExecutionListener@2a71f603, org.springframework.boot.test.mock.mockito.MockitoTestExecutionListener@39c96711, org.springframework.boot.test.autoconfigure.SpringBootDependencyInjectionTestExecutionListener@236f3b09, org.springframework.test.context.support.DirtiesContextTestExecutionListener@4c90dbb, org.springframework.test.context.transaction.TransactionalTestExecutionListener@212d32cf, org.springframework.test.context.jdbc.SqlScriptsTestExecutionListener@532e3814, org.springframework.security.test.context.support.WithSecurityContextTestExecutionListener@943f60b, org.springframework.test.context.event.EventPublishingTestExecutionListener@452b964d, org.springframework.security.test.context.support.ReactorContextTestExecutionListener@d586f6d, org.springframework.boot.test.autoconfigure.restdocs.RestDocsTestExecutionListener@2f94084a, org.springframework.boot.test.autoconfigure.web.client.MockRestServiceServerResetTestExecutionListener@39f1401d, org.springframework.boot.test.autoconfigure.web.servlet.MockMvcPrintOnlyOnFailureTestExecutionListener@20712090, org.springframework.boot.test.autoconfigure.web.servlet.WebDriverTestExecutionListener@6e1c00f4, org.springframework.boot.test.autoconfigure.webservices.client.MockWebServiceServerTestExecutionListener@61c58325, org.springframework.boot.test.mock.mockito.ResetMocksTestExecutionListener@5287d6a8]

  .   ____          _            __ _ _
 /\\ / ___'_ __ _ _(_)_ __  __ _ \ \ \ \
( ( )\___ | '_ | '_| | '_ \/ _` | \ \ \ \
 \\/  ___)| |_)| | | | | || (_| |  ) ) ) )
  '  |____| .__|_| |_|_| |_\__, | / / / /
 =========|_|==============|___/=/_/_/_/
 :: Spring Boot ::                (v2.4.1)

2021-02-20 17:55:24.161  INFO 79968 --- [    Test worker] c.s.b.s.d.posts.PostsRepositoryTest      : Starting PostsRepositoryTest using Java 15.0.2 on Suns-MacBook-Pro.local with PID 79968 (started by sun in /Users/sun/IdeaProjects/springboot-webservice)
2021-02-20 17:55:24.162  INFO 79968 --- [    Test worker] c.s.b.s.d.posts.PostsRepositoryTest      : No active profile set, falling back to default profiles: default
2021-02-20 17:55:24.328  INFO 79968 --- [    Test worker] .s.d.r.c.RepositoryConfigurationDelegate : Bootstrapping Spring Data JPA repositories in DEFAULT mode.
2021-02-20 17:55:24.341  INFO 79968 --- [    Test worker] .s.d.r.c.RepositoryConfigurationDelegate : Finished Spring Data repository scanning in 12 ms. Found 2 JPA repository interfaces.
2021-02-20 17:55:24.461  INFO 79968 --- [    Test worker] com.zaxxer.hikari.HikariDataSource       : HikariPool-2 - Starting...
2021-02-20 17:55:24.462  INFO 79968 --- [    Test worker] com.zaxxer.hikari.HikariDataSource       : HikariPool-2 - Start completed.
2021-02-20 17:55:24.473  INFO 79968 --- [    Test worker] o.hibernate.jpa.internal.util.LogHelper  : HHH000204: Processing PersistenceUnitInfo [name: default]
2021-02-20 17:55:24.478  INFO 79968 --- [    Test worker] org.hibernate.dialect.Dialect            : HHH000400: Using dialect: org.hibernate.dialect.MySQL57Dialect
Hibernate: drop table if exists posts
Hibernate: drop table if exists user
Hibernate: create table posts (id bigint not null auto_increment, created_date datetime(6), modified_date datetime(6), author varchar(255), content TEXT not null, title varchar(500) not null, primary key (id)) engine=InnoDB
Hibernate: create table user (id bigint not null auto_increment, created_date datetime(6), modified_date datetime(6), email varchar(255) not null, name varchar(255) not null, picture varchar(255), role varchar(255) not null, primary key (id)) engine=InnoDB
2021-02-20 17:55:24.521  INFO 79968 --- [    Test worker] o.h.e.t.j.p.i.JtaPlatformInitiator       : HHH000490: Using JtaPlatform implementation: [org.hibernate.engine.transaction.jta.platform.internal.NoJtaPlatform]
2021-02-20 17:55:24.522  INFO 79968 --- [    Test worker] j.LocalContainerEntityManagerFactoryBean : Initialized JPA EntityManagerFactory for persistence unit 'default'
2021-02-20 17:55:24.620  WARN 79968 --- [    Test worker] JpaBaseConfiguration$JpaWebConfiguration : spring.jpa.open-in-view is enabled by default. Therefore, database queries may be performed during view rendering. Explicitly configure spring.jpa.open-in-view to disable this warning
2021-02-20 17:55:24.755  INFO 79968 --- [    Test worker] o.s.s.web.DefaultSecurityFilterChain     : Will secure any request with [org.springframework.security.web.context.request.async.WebAsyncManagerIntegrationFilter@5ffe5e18, org.springframework.security.web.context.SecurityContextPersistenceFilter@6d3b1f30, org.springframework.security.web.header.HeaderWriterFilter@49804759, org.springframework.security.web.authentication.logout.LogoutFilter@14f5c0a0, org.springframework.security.oauth2.client.web.OAuth2AuthorizationRequestRedirectFilter@b1daa86, org.springframework.security.oauth2.client.web.OAuth2LoginAuthenticationFilter@398b2718, org.springframework.security.web.authentication.ui.DefaultLoginPageGeneratingFilter@450fbc4f, org.springframework.security.web.authentication.ui.DefaultLogoutPageGeneratingFilter@61545552, org.springframework.security.web.savedrequest.RequestCacheAwareFilter@26984e30, org.springframework.security.web.servletapi.SecurityContextHolderAwareRequestFilter@6d697f35, org.springframework.security.web.authentication.AnonymousAuthenticationFilter@77b9a64, org.springframework.security.web.session.SessionManagementFilter@498c3857, org.springframework.security.web.access.ExceptionTranslationFilter@2a8c3c83, org.springframework.security.web.access.intercept.FilterSecurityInterceptor@16f50c31]
2021-02-20 17:55:24.886  INFO 79968 --- [    Test worker] o.s.s.concurrent.ThreadPoolTaskExecutor  : Initializing ExecutorService 'applicationTaskExecutor'
2021-02-20 17:55:24.897  INFO 79968 --- [    Test worker] o.s.b.a.h2.H2ConsoleAutoConfiguration    : H2 console available at '/h2-console'. Database available at 'jdbc:h2:mem:testdb'
2021-02-20 17:55:24.914  INFO 79968 --- [    Test worker] o.s.b.a.w.s.WelcomePageHandlerMapping    : Adding welcome page template: index
2021-02-20 17:55:25.098  INFO 79968 --- [    Test worker] s.a.ScheduledAnnotationBeanPostProcessor : No TaskScheduler/ScheduledExecutorService bean found for scheduled processing
2021-02-20 17:55:25.099  INFO 79968 --- [    Test worker] c.s.b.s.d.posts.PostsRepositoryTest      : Started PostsRepositoryTest in 0.953 seconds (JVM running for 8.333)
Hibernate: insert into posts (created_date, modified_date, author, content, title) values (?, ?, ?, ?, ?)
Hibernate: select posts0_.id as id1_0_, posts0_.created_date as created_2_0_, posts0_.modified_date as modified3_0_, posts0_.author as author4_0_, posts0_.content as content5_0_, posts0_.title as title6_0_ from posts posts0_
Hibernate: select posts0_.id as id1_0_, posts0_.created_date as created_2_0_, posts0_.modified_date as modified3_0_, posts0_.author as author4_0_, posts0_.content as content5_0_, posts0_.title as title6_0_ from posts posts0_
Hibernate: delete from posts where id=?
Hibernate: insert into posts (created_date, modified_date, author, content, title) values (?, ?, ?, ?, ?)
Hibernate: select posts0_.id as id1_0_, posts0_.created_date as created_2_0_, posts0_.modified_date as modified3_0_, posts0_.author as author4_0_, posts0_.content as content5_0_, posts0_.title as title6_0_ from posts posts0_
>>>>>>>>> createDate=2021-02-20T17:55:25.133622, modifiedDate=2021-02-20T17:55:25.133622
Hibernate: select posts0_.id as id1_0_, posts0_.created_date as created_2_0_, posts0_.modified_date as modified3_0_, posts0_.author as author4_0_, posts0_.content as content5_0_, posts0_.title as title6_0_ from posts posts0_
Hibernate: delete from posts where id=?
]]></system-out>
  <system-err><![CDATA[]]></system-err>
</testsuite>
