<?xml version="1.0" encoding="UTF-8"?>
<testsuite name="com.syoun.book.springboot.web.HelloControllerTest" tests="2" skipped="0" failures="0" errors="0" timestamp="2021-02-20T08:55:23" hostname="Suns-MacBook-Pro.local" time="0.104">
  <properties/>
  <testcase name="hello가_리턴된다()" classname="com.syoun.book.springboot.web.HelloControllerTest" time="0.04"/>
  <testcase name="helloDto가_리턴된다()" classname="com.syoun.book.springboot.web.HelloControllerTest" time="0.062"/>
  <system-out><![CDATA[2021-02-20 17:55:23.248  INFO 79968 --- [    Test worker] .b.t.a.w.s.WebMvcTestContextBootstrapper : Neither @ContextConfiguration nor @ContextHierarchy found for test class [com.syoun.book.springboot.web.HelloControllerTest], using SpringBootContextLoader
2021-02-20 17:55:23.250  INFO 79968 --- [    Test worker] o.s.t.c.support.AbstractContextLoader    : Could not detect default resource locations for test class [com.syoun.book.springboot.web.HelloControllerTest]: no resource found for suffixes {-context.xml, Context.groovy}.
2021-02-20 17:55:23.250  INFO 79968 --- [    Test worker] t.c.s.AnnotationConfigContextLoaderUtils : Could not detect default configuration classes for test class [com.syoun.book.springboot.web.HelloControllerTest]: HelloControllerTest does not declare any static, non-private, non-final, nested classes annotated with @Configuration.
2021-02-20 17:55:23.262  INFO 79968 --- [    Test worker] .b.t.c.SpringBootTestContextBootstrapper : Found @SpringBootConfiguration com.syoun.book.springboot.Application for test class com.syoun.book.springboot.web.HelloControllerTest
2021-02-20 17:55:23.263  INFO 79968 --- [    Test worker] .b.t.a.w.s.WebMvcTestContextBootstrapper : Loaded default TestExecutionListener class names from location [META-INF/spring.factories]: [org.springframework.security.test.context.support.WithSecurityContextTestExecutionListener, org.springframework.security.test.context.support.ReactorContextTestExecutionListener, org.springframework.boot.test.autoconfigure.restdocs.RestDocsTestExecutionListener, org.springframework.boot.test.autoconfigure.web.client.MockRestServiceServerResetTestExecutionListener, org.springframework.boot.test.autoconfigure.web.servlet.MockMvcPrintOnlyOnFailureTestExecutionListener, org.springframework.boot.test.autoconfigure.web.servlet.WebDriverTestExecutionListener, org.springframework.boot.test.autoconfigure.webservices.client.MockWebServiceServerTestExecutionListener, org.springframework.boot.test.mock.mockito.MockitoTestExecutionListener, org.springframework.boot.test.mock.mockito.ResetMocksTestExecutionListener, org.springframework.test.context.web.ServletTestExecutionListener, org.springframework.test.context.support.DirtiesContextBeforeModesTestExecutionListener, org.springframework.test.context.support.DependencyInjectionTestExecutionListener, org.springframework.test.context.support.DirtiesContextTestExecutionListener, org.springframework.test.context.transaction.TransactionalTestExecutionListener, org.springframework.test.context.jdbc.SqlScriptsTestExecutionListener, org.springframework.test.context.event.EventPublishingTestExecutionListener]
2021-02-20 17:55:23.264  INFO 79968 --- [    Test worker] .b.t.a.w.s.WebMvcTestContextBootstrapper : Using TestExecutionListeners: [org.springframework.test.context.web.ServletTestExecutionListener@5f0f0cc1, org.springframework.test.context.support.DirtiesContextBeforeModesTestExecutionListener@5d7d9015, org.springframework.boot.test.mock.mockito.MockitoTestExecutionListener@2ab7b1f2, org.springframework.boot.test.autoconfigure.SpringBootDependencyInjectionTestExecutionListener@449b3070, org.springframework.test.context.support.DirtiesContextTestExecutionListener@63555526, org.springframework.test.context.transaction.TransactionalTestExecutionListener@52998c61, org.springframework.test.context.jdbc.SqlScriptsTestExecutionListener@45368fe1, org.springframework.security.test.context.support.WithSecurityContextTestExecutionListener@58b32f87, org.springframework.test.context.event.EventPublishingTestExecutionListener@1106add2, org.springframework.security.test.context.support.ReactorContextTestExecutionListener@fe2c117, org.springframework.boot.test.autoconfigure.restdocs.RestDocsTestExecutionListener@7e5a1e8d, org.springframework.boot.test.autoconfigure.web.client.MockRestServiceServerResetTestExecutionListener@3fd4c9d6, org.springframework.boot.test.autoconfigure.web.servlet.MockMvcPrintOnlyOnFailureTestExecutionListener@1b189bc3, org.springframework.boot.test.autoconfigure.web.servlet.WebDriverTestExecutionListener@26b1bce, org.springframework.boot.test.autoconfigure.webservices.client.MockWebServiceServerTestExecutionListener@2c6bc378, org.springframework.boot.test.mock.mockito.ResetMocksTestExecutionListener@3568355a]

  .   ____          _            __ _ _
 /\\ / ___'_ __ _ _(_)_ __  __ _ \ \ \ \
( ( )\___ | '_ | '_| | '_ \/ _` | \ \ \ \
 \\/  ___)| |_)| | | | | || (_| |  ) ) ) )
  '  |____| .__|_| |_|_| |_\__, | / / / /
 =========|_|==============|___/=/_/_/_/
 :: Spring Boot ::                (v2.4.1)

2021-02-20 17:55:23.295  INFO 79968 --- [    Test worker] c.s.b.s.web.HelloControllerTest          : Starting HelloControllerTest using Java 15.0.2 on Suns-MacBook-Pro.local with PID 79968 (started by sun in /Users/sun/IdeaProjects/springboot-webservice)
2021-02-20 17:55:23.296  INFO 79968 --- [    Test worker] c.s.b.s.web.HelloControllerTest          : No active profile set, falling back to default profiles: default
2021-02-20 17:55:23.571  INFO 79968 --- [    Test worker] o.s.s.concurrent.ThreadPoolTaskExecutor  : Initializing ExecutorService 'applicationTaskExecutor'
2021-02-20 17:55:23.594  INFO 79968 --- [    Test worker] o.s.b.a.w.s.WelcomePageHandlerMapping    : Adding welcome page template: index
2021-02-20 17:55:23.760  INFO 79968 --- [    Test worker] o.s.s.web.DefaultSecurityFilterChain     : Will secure any request with [org.springframework.security.web.context.request.async.WebAsyncManagerIntegrationFilter@1bd9b626, org.springframework.security.web.context.SecurityContextPersistenceFilter@4e447870, org.springframework.security.web.header.HeaderWriterFilter@32acf5d, org.springframework.security.web.csrf.CsrfFilter@4e9a57e2, org.springframework.security.web.authentication.logout.LogoutFilter@c485d6f, org.springframework.security.oauth2.client.web.OAuth2AuthorizationRequestRedirectFilter@142b7a34, org.springframework.security.oauth2.client.web.OAuth2AuthorizationRequestRedirectFilter@36549199, org.springframework.security.oauth2.client.web.OAuth2LoginAuthenticationFilter@14457786, org.springframework.security.web.authentication.ui.DefaultLoginPageGeneratingFilter@6fec17b6, org.springframework.security.web.authentication.ui.DefaultLogoutPageGeneratingFilter@689eb228, org.springframework.security.web.savedrequest.RequestCacheAwareFilter@4c25ec5c, org.springframework.security.web.servletapi.SecurityContextHolderAwareRequestFilter@192082a2, org.springframework.security.web.authentication.AnonymousAuthenticationFilter@11403160, org.springframework.security.oauth2.client.web.OAuth2AuthorizationCodeGrantFilter@e263b3f, org.springframework.security.web.session.SessionManagementFilter@4ad65590, org.springframework.security.web.access.ExceptionTranslationFilter@1f93be0a, org.springframework.security.web.access.intercept.FilterSecurityInterceptor@43532850]
2021-02-20 17:55:23.814  INFO 79968 --- [    Test worker] o.s.b.t.m.w.SpringBootMockServletContext : Initializing Spring TestDispatcherServlet ''
2021-02-20 17:55:23.814  INFO 79968 --- [    Test worker] o.s.t.web.servlet.TestDispatcherServlet  : Initializing Servlet ''
2021-02-20 17:55:23.814  INFO 79968 --- [    Test worker] o.s.t.web.servlet.TestDispatcherServlet  : Completed initialization in 0 ms
2021-02-20 17:55:23.826  INFO 79968 --- [    Test worker] c.s.b.s.web.HelloControllerTest          : Started HelloControllerTest in 0.557 seconds (JVM running for 7.061)
]]></system-out>
  <system-err><![CDATA[]]></system-err>
</testsuite>
