<?xml version="1.0" encoding="UTF-8"?>
<testsuite name="com.syoun.book.springboot.web.PostsApiControllerTest" tests="2" skipped="0" failures="0" errors="0" timestamp="2021-02-20T08:55:23" hostname="Suns-MacBook-Pro.local" time="0.183">
  <properties/>
  <testcase name="Posts_등록된다()" classname="com.syoun.book.springboot.web.PostsApiControllerTest" time="0.149"/>
  <testcase name="Posts_수정된다()" classname="com.syoun.book.springboot.web.PostsApiControllerTest" time="0.032"/>
  <system-out><![CDATA[2021-02-20 17:55:23.940  INFO 79968 --- [    Test worker] .b.t.c.SpringBootTestContextBootstrapper : Neither @ContextConfiguration nor @ContextHierarchy found for test class [com.syoun.book.springboot.web.PostsApiControllerTest], using SpringBootContextLoader
2021-02-20 17:55:23.940  INFO 79968 --- [    Test worker] o.s.t.c.support.AbstractContextLoader    : Could not detect default resource locations for test class [com.syoun.book.springboot.web.PostsApiControllerTest]: no resource found for suffixes {-context.xml, Context.groovy}.
2021-02-20 17:55:23.941  INFO 79968 --- [    Test worker] t.c.s.AnnotationConfigContextLoaderUtils : Could not detect default configuration classes for test class [com.syoun.book.springboot.web.PostsApiControllerTest]: PostsApiControllerTest does not declare any static, non-private, non-final, nested classes annotated with @Configuration.
2021-02-20 17:55:23.942  INFO 79968 --- [    Test worker] .b.t.c.SpringBootTestContextBootstrapper : Found @SpringBootConfiguration com.syoun.book.springboot.Application for test class com.syoun.book.springboot.web.PostsApiControllerTest
2021-02-20 17:55:23.943  INFO 79968 --- [    Test worker] .b.t.c.SpringBootTestContextBootstrapper : Loaded default TestExecutionListener class names from location [META-INF/spring.factories]: [org.springframework.security.test.context.support.WithSecurityContextTestExecutionListener, org.springframework.security.test.context.support.ReactorContextTestExecutionListener, org.springframework.boot.test.autoconfigure.restdocs.RestDocsTestExecutionListener, org.springframework.boot.test.autoconfigure.web.client.MockRestServiceServerResetTestExecutionListener, org.springframework.boot.test.autoconfigure.web.servlet.MockMvcPrintOnlyOnFailureTestExecutionListener, org.springframework.boot.test.autoconfigure.web.servlet.WebDriverTestExecutionListener, org.springframework.boot.test.autoconfigure.webservices.client.MockWebServiceServerTestExecutionListener, org.springframework.boot.test.mock.mockito.MockitoTestExecutionListener, org.springframework.boot.test.mock.mockito.ResetMocksTestExecutionListener, org.springframework.test.context.web.ServletTestExecutionListener, org.springframework.test.context.support.DirtiesContextBeforeModesTestExecutionListener, org.springframework.test.context.support.DependencyInjectionTestExecutionListener, org.springframework.test.context.support.DirtiesContextTestExecutionListener, org.springframework.test.context.transaction.TransactionalTestExecutionListener, org.springframework.test.context.jdbc.SqlScriptsTestExecutionListener, org.springframework.test.context.event.EventPublishingTestExecutionListener]
2021-02-20 17:55:23.944  INFO 79968 --- [    Test worker] .b.t.c.SpringBootTestContextBootstrapper : Using TestExecutionListeners: [org.springframework.test.context.web.ServletTestExecutionListener@3773bc58, org.springframework.test.context.support.DirtiesContextBeforeModesTestExecutionListener@114c859c, org.springframework.boot.test.mock.mockito.MockitoTestExecutionListener@183dac19, org.springframework.boot.test.autoconfigure.SpringBootDependencyInjectionTestExecutionListener@54074617, org.springframework.test.context.support.DirtiesContextTestExecutionListener@7ebca1b3, org.springframework.test.context.transaction.TransactionalTestExecutionListener@b29ab9d, org.springframework.test.context.jdbc.SqlScriptsTestExecutionListener@7e818385, org.springframework.security.test.context.support.WithSecurityContextTestExecutionListener@10d845bc, org.springframework.test.context.event.EventPublishingTestExecutionListener@bf2cf2d, org.springframework.security.test.context.support.ReactorContextTestExecutionListener@4d41e88d, org.springframework.boot.test.autoconfigure.restdocs.RestDocsTestExecutionListener@3faed70b, org.springframework.boot.test.autoconfigure.web.client.MockRestServiceServerResetTestExecutionListener@6d8980e7, org.springframework.boot.test.autoconfigure.web.servlet.MockMvcPrintOnlyOnFailureTestExecutionListener@701fb1dc, org.springframework.boot.test.autoconfigure.web.servlet.WebDriverTestExecutionListener@32582ad2, org.springframework.boot.test.autoconfigure.webservices.client.MockWebServiceServerTestExecutionListener@7b07a51d, org.springframework.boot.test.mock.mockito.ResetMocksTestExecutionListener@5a288c22]
2021-02-20 17:55:23.952  INFO 79968 --- [    Test worker] o.a.c.c.C.[Tomcat].[localhost].[/]       : Initializing Spring TestDispatcherServlet ''
2021-02-20 17:55:23.953  INFO 79968 --- [    Test worker] o.s.t.web.servlet.TestDispatcherServlet  : Initializing Servlet ''
2021-02-20 17:55:23.954  INFO 79968 --- [    Test worker] o.s.t.web.servlet.TestDispatcherServlet  : Completed initialization in 1 ms
Hibernate: insert into posts (created_date, modified_date, author, content, title) values (?, ?, ?, ?, ?)
Hibernate: select posts0_.id as id1_0_, posts0_.created_date as created_2_0_, posts0_.modified_date as modified3_0_, posts0_.author as author4_0_, posts0_.content as content5_0_, posts0_.title as title6_0_ from posts posts0_
2021-02-20 17:55:24.101  INFO 79968 --- [    Test worker] o.a.c.c.C.[Tomcat].[localhost].[/]       : Initializing Spring TestDispatcherServlet ''
2021-02-20 17:55:24.101  INFO 79968 --- [    Test worker] o.s.t.web.servlet.TestDispatcherServlet  : Initializing Servlet ''
2021-02-20 17:55:24.103  INFO 79968 --- [    Test worker] o.s.t.web.servlet.TestDispatcherServlet  : Completed initialization in 2 ms
Hibernate: insert into posts (created_date, modified_date, author, content, title) values (?, ?, ?, ?, ?)
Hibernate: select posts0_.id as id1_0_0_, posts0_.created_date as created_2_0_0_, posts0_.modified_date as modified3_0_0_, posts0_.author as author4_0_0_, posts0_.content as content5_0_0_, posts0_.title as title6_0_0_ from posts posts0_ where posts0_.id=?
Hibernate: select posts0_.id as id1_0_, posts0_.created_date as created_2_0_, posts0_.modified_date as modified3_0_, posts0_.author as author4_0_, posts0_.content as content5_0_, posts0_.title as title6_0_ from posts posts0_
]]></system-out>
  <system-err><![CDATA[]]></system-err>
</testsuite>
