<?xml version="1.0" encoding="UTF-8"?>
<testsuite name="com.syoun.book.springboot.web.HelloControllerTest" tests="2" skipped="0" failures="0" errors="0" timestamp="2021-02-20T08:22:49" hostname="Suns-MacBook-Pro.local" time="0.041">
  <properties/>
  <testcase name="hello가_리턴된다()" classname="com.syoun.book.springboot.web.HelloControllerTest" time="0.014"/>
  <testcase name="helloDto가_리턴된다()" classname="com.syoun.book.springboot.web.HelloControllerTest" time="0.026"/>
  <system-out><![CDATA[2021-02-20 17:22:48.838  INFO 79443 --- [    Test worker] .b.t.a.w.s.WebMvcTestContextBootstrapper : Neither @ContextConfiguration nor @ContextHierarchy found for test class [com.syoun.book.springboot.web.HelloControllerTest], using SpringBootContextLoader
2021-02-20 17:22:48.839  INFO 79443 --- [    Test worker] o.s.t.c.support.AbstractContextLoader    : Could not detect default resource locations for test class [com.syoun.book.springboot.web.HelloControllerTest]: no resource found for suffixes {-context.xml, Context.groovy}.
2021-02-20 17:22:48.839  INFO 79443 --- [    Test worker] t.c.s.AnnotationConfigContextLoaderUtils : Could not detect default configuration classes for test class [com.syoun.book.springboot.web.HelloControllerTest]: HelloControllerTest does not declare any static, non-private, non-final, nested classes annotated with @Configuration.
2021-02-20 17:22:48.849  INFO 79443 --- [    Test worker] .b.t.c.SpringBootTestContextBootstrapper : Found @SpringBootConfiguration com.syoun.book.springboot.Application for test class com.syoun.book.springboot.web.HelloControllerTest
2021-02-20 17:22:48.850  INFO 79443 --- [    Test worker] .b.t.a.w.s.WebMvcTestContextBootstrapper : Loaded default TestExecutionListener class names from location [META-INF/spring.factories]: [org.springframework.security.test.context.support.WithSecurityContextTestExecutionListener, org.springframework.security.test.context.support.ReactorContextTestExecutionListener, org.springframework.boot.test.autoconfigure.restdocs.RestDocsTestExecutionListener, org.springframework.boot.test.autoconfigure.web.client.MockRestServiceServerResetTestExecutionListener, org.springframework.boot.test.autoconfigure.web.servlet.MockMvcPrintOnlyOnFailureTestExecutionListener, org.springframework.boot.test.autoconfigure.web.servlet.WebDriverTestExecutionListener, org.springframework.boot.test.autoconfigure.webservices.client.MockWebServiceServerTestExecutionListener, org.springframework.boot.test.mock.mockito.MockitoTestExecutionListener, org.springframework.boot.test.mock.mockito.ResetMocksTestExecutionListener, org.springframework.test.context.web.ServletTestExecutionListener, org.springframework.test.context.support.DirtiesContextBeforeModesTestExecutionListener, org.springframework.test.context.support.DependencyInjectionTestExecutionListener, org.springframework.test.context.support.DirtiesContextTestExecutionListener, org.springframework.test.context.transaction.TransactionalTestExecutionListener, org.springframework.test.context.jdbc.SqlScriptsTestExecutionListener, org.springframework.test.context.event.EventPublishingTestExecutionListener]
2021-02-20 17:22:48.850  INFO 79443 --- [    Test worker] .b.t.a.w.s.WebMvcTestContextBootstrapper : Using TestExecutionListeners: [org.springframework.test.context.web.ServletTestExecutionListener@7b2e4c82, org.springframework.test.context.support.DirtiesContextBeforeModesTestExecutionListener@262e46b0, org.springframework.boot.test.mock.mockito.MockitoTestExecutionListener@49d05240, org.springframework.boot.test.autoconfigure.SpringBootDependencyInjectionTestExecutionListener@711a2329, org.springframework.test.context.support.DirtiesContextTestExecutionListener@78d92bd4, org.springframework.test.context.transaction.TransactionalTestExecutionListener@2c96f9b9, org.springframework.test.context.jdbc.SqlScriptsTestExecutionListener@679fec39, org.springframework.security.test.context.support.WithSecurityContextTestExecutionListener@47bc8888, org.springframework.test.context.event.EventPublishingTestExecutionListener@768a8c20, org.springframework.security.test.context.support.ReactorContextTestExecutionListener@6d4af879, org.springframework.boot.test.autoconfigure.restdocs.RestDocsTestExecutionListener@752c2fcd, org.springframework.boot.test.autoconfigure.web.client.MockRestServiceServerResetTestExecutionListener@56770128, org.springframework.boot.test.autoconfigure.web.servlet.MockMvcPrintOnlyOnFailureTestExecutionListener@743e6c4a, org.springframework.boot.test.autoconfigure.web.servlet.WebDriverTestExecutionListener@4e8dcb84, org.springframework.boot.test.autoconfigure.webservices.client.MockWebServiceServerTestExecutionListener@5a4bc7df, org.springframework.boot.test.mock.mockito.ResetMocksTestExecutionListener@34dbf3ff]

  .   ____          _            __ _ _
 /\\ / ___'_ __ _ _(_)_ __  __ _ \ \ \ \
( ( )\___ | '_ | '_| | '_ \/ _` | \ \ \ \
 \\/  ___)| |_)| | | | | || (_| |  ) ) ) )
  '  |____| .__|_| |_|_| |_\__, | / / / /
 =========|_|==============|___/=/_/_/_/
 :: Spring Boot ::                (v2.4.1)

2021-02-20 17:22:48.867  INFO 79443 --- [    Test worker] c.s.b.s.web.HelloControllerTest          : Starting HelloControllerTest using Java 15.0.2 on Suns-MacBook-Pro.local with PID 79443 (started by sun in /Users/sun/IdeaProjects/springboot-webservice)
2021-02-20 17:22:48.868  INFO 79443 --- [    Test worker] c.s.b.s.web.HelloControllerTest          : No active profile set, falling back to default profiles: default
2021-02-20 17:22:49.076  INFO 79443 --- [    Test worker] o.s.s.concurrent.ThreadPoolTaskExecutor  : Initializing ExecutorService 'applicationTaskExecutor'
2021-02-20 17:22:49.093  INFO 79443 --- [    Test worker] o.s.b.a.w.s.WelcomePageHandlerMapping    : Adding welcome page template: index
2021-02-20 17:22:49.229  INFO 79443 --- [    Test worker] o.s.s.web.DefaultSecurityFilterChain     : Will secure any request with [org.springframework.security.web.context.request.async.WebAsyncManagerIntegrationFilter@25dd51d4, org.springframework.security.web.context.SecurityContextPersistenceFilter@6d326218, org.springframework.security.web.header.HeaderWriterFilter@21ebebb, org.springframework.security.web.csrf.CsrfFilter@6d687832, org.springframework.security.web.authentication.logout.LogoutFilter@1c6869e3, org.springframework.security.oauth2.client.web.OAuth2AuthorizationRequestRedirectFilter@1ff477c3, org.springframework.security.oauth2.client.web.OAuth2AuthorizationRequestRedirectFilter@26f71a6, org.springframework.security.oauth2.client.web.OAuth2LoginAuthenticationFilter@22acde87, org.springframework.security.web.authentication.ui.DefaultLoginPageGeneratingFilter@68da4723, org.springframework.security.web.authentication.ui.DefaultLogoutPageGeneratingFilter@59060e38, org.springframework.security.web.savedrequest.RequestCacheAwareFilter@e9f5b26, org.springframework.security.web.servletapi.SecurityContextHolderAwareRequestFilter@7983d728, org.springframework.security.web.authentication.AnonymousAuthenticationFilter@4fa6325, org.springframework.security.oauth2.client.web.OAuth2AuthorizationCodeGrantFilter@5485a1be, org.springframework.security.web.session.SessionManagementFilter@3aa43106, org.springframework.security.web.access.ExceptionTranslationFilter@2c99faf2, org.springframework.security.web.access.intercept.FilterSecurityInterceptor@2f7f1664]
2021-02-20 17:22:49.264  INFO 79443 --- [    Test worker] o.s.b.t.m.w.SpringBootMockServletContext : Initializing Spring TestDispatcherServlet ''
2021-02-20 17:22:49.264  INFO 79443 --- [    Test worker] o.s.t.web.servlet.TestDispatcherServlet  : Initializing Servlet ''
2021-02-20 17:22:49.265  INFO 79443 --- [    Test worker] o.s.t.web.servlet.TestDispatcherServlet  : Completed initialization in 1 ms
2021-02-20 17:22:49.273  INFO 79443 --- [    Test worker] c.s.b.s.web.HelloControllerTest          : Started HelloControllerTest in 0.418 seconds (JVM running for 5.6)
]]></system-out>
  <system-err><![CDATA[]]></system-err>
</testsuite>
